[0213/122739.581:INFO:CONSOLE(21172)] "THREE.WebGLRenderer 92", source: file:///C:/Program%20Files/AnyLogic%208.9%20Professional/plugins/com.anylogic.graphics3d_8.9.0.202404161156/static/build/three.js (21172)
[0213/122740.149:INFO:CONSOLE(3660)] "THREE.ColladaLoader: File version 1.4.0", source: file:///C:/Program%20Files/AnyLogic%208.9%20Professional/plugins/com.anylogic.graphics3d_8.9.0.202404161156/static/libs/ColladaLoader.js (3660)
[0213/122740.166:INFO:CONSOLE(255)] "Loaded: file:C:/ProgramData/AnyLogic 8.9 Professional/eclipse/plugins/com.anylogic.examples_8.9.0.202404161156/models/City Square/3d/building_1.dae", source: file:///C:/Program%20Files/AnyLogic%208.9%20Professional/plugins/com.anylogic.graphics3d_8.9.0.202404161156/static/init.js (255)
[0213/122740.167:INFO:CONSOLE(271)] "load end: file:C:/ProgramData/AnyLogic 8.9 Professional/eclipse/plugins/com.anylogic.examples_8.9.0.202404161156/models/City Square/3d/building_1.dae", source: file:///C:/Program%20Files/AnyLogic%208.9%20Professional/plugins/com.anylogic.graphics3d_8.9.0.202404161156/static/init.js (271)
[0213/122740.428:INFO:CONSOLE(3660)] "THREE.ColladaLoader: File version 1.4.0", source: file:///C:/Program%20Files/AnyLogic%208.9%20Professional/plugins/com.anylogic.graphics3d_8.9.0.202404161156/static/libs/ColladaLoader.js (3660)
[0213/122740.432:INFO:CONSOLE(255)] "Loaded: file:C:/ProgramData/AnyLogic 8.9 Professional/eclipse/plugins/com.anylogic.examples_8.9.0.202404161156/models/City Square/3d/billboard.dae", source: file:///C:/Program%20Files/AnyLogic%208.9%20Professional/plugins/com.anylogic.graphics3d_8.9.0.202404161156/static/init.js (255)
[0213/122740.434:INFO:CONSOLE(271)] "load end: file:C:/ProgramData/AnyLogic 8.9 Professional/eclipse/plugins/com.anylogic.examples_8.9.0.202404161156/models/City Square/3d/billboard.dae", source: file:///C:/Program%20Files/AnyLogic%208.9%20Professional/plugins/com.anylogic.graphics3d_8.9.0.202404161156/static/init.js (271)
[0213/122740.472:INFO:CONSOLE(3660)] "THREE.ColladaLoader: File version 1.4.0", source: file:///C:/Program%20Files/AnyLogic%208.9%20Professional/plugins/com.anylogic.graphics3d_8.9.0.202404161156/static/libs/ColladaLoader.js (3660)
[0213/122740.481:INFO:CONSOLE(255)] "Loaded: file:C:/ProgramData/AnyLogic 8.9 Professional/eclipse/plugins/com.anylogic.examples_8.9.0.202404161156/models/City Square/3d/tree_3.dae", source: file:///C:/Program%20Files/AnyLogic%208.9%20Professional/plugins/com.anylogic.graphics3d_8.9.0.202404161156/static/init.js (255)
[0213/122740.482:INFO:CONSOLE(271)] "load end: file:C:/ProgramData/AnyLogic 8.9 Professional/eclipse/plugins/com.anylogic.examples_8.9.0.202404161156/models/City Square/3d/tree_3.dae", source: file:///C:/Program%20Files/AnyLogic%208.9%20Professional/plugins/com.anylogic.graphics3d_8.9.0.202404161156/static/init.js (271)
[0213/122740.519:INFO:CONSOLE(3660)] "THREE.ColladaLoader: File version 1.4.0", source: file:///C:/Program%20Files/AnyLogic%208.9%20Professional/plugins/com.anylogic.graphics3d_8.9.0.202404161156/static/libs/ColladaLoader.js (3660)
[0213/122740.525:INFO:CONSOLE(255)] "Loaded: file:C:/ProgramData/AnyLogic 8.9 Professional/eclipse/plugins/com.anylogic.examples_8.9.0.202404161156/models/City Square/3d/tree_2.dae", source: file:///C:/Program%20Files/AnyLogic%208.9%20Professional/plugins/com.anylogic.graphics3d_8.9.0.202404161156/static/init.js (255)
[0213/122740.526:INFO:CONSOLE(271)] "load end: file:C:/ProgramData/AnyLogic 8.9 Professional/eclipse/plugins/com.anylogic.examples_8.9.0.202404161156/models/City Square/3d/tree_2.dae", source: file:///C:/Program%20Files/AnyLogic%208.9%20Professional/plugins/com.anylogic.graphics3d_8.9.0.202404161156/static/init.js (271)
[0213/122740.559:INFO:CONSOLE(3660)] "THREE.ColladaLoader: File version 1.4.0", source: file:///C:/Program%20Files/AnyLogic%208.9%20Professional/plugins/com.anylogic.graphics3d_8.9.0.202404161156/static/libs/ColladaLoader.js (3660)
[0213/122740.562:INFO:CONSOLE(255)] "Loaded: file:C:/ProgramData/AnyLogic 8.9 Professional/eclipse/plugins/com.anylogic.examples_8.9.0.202404161156/models/City Square/3d/tree_1.dae", source: file:///C:/Program%20Files/AnyLogic%208.9%20Professional/plugins/com.anylogic.graphics3d_8.9.0.202404161156/static/init.js (255)
[0213/122740.563:INFO:CONSOLE(271)] "load end: file:C:/ProgramData/AnyLogic 8.9 Professional/eclipse/plugins/com.anylogic.examples_8.9.0.202404161156/models/City Square/3d/tree_1.dae", source: file:///C:/Program%20Files/AnyLogic%208.9%20Professional/plugins/com.anylogic.graphics3d_8.9.0.202404161156/static/init.js (271)
[0213/122740.598:INFO:CONSOLE(3660)] "THREE.ColladaLoader: File version 1.4.0", source: file:///C:/Program%20Files/AnyLogic%208.9%20Professional/plugins/com.anylogic.graphics3d_8.9.0.202404161156/static/libs/ColladaLoader.js (3660)
[0213/122740.603:INFO:CONSOLE(255)] "Loaded: file:C:/ProgramData/AnyLogic 8.9 Professional/eclipse/plugins/com.anylogic.examples_8.9.0.202404161156/models/City Square/3d/store.dae", source: file:///C:/Program%20Files/AnyLogic%208.9%20Professional/plugins/com.anylogic.graphics3d_8.9.0.202404161156/static/init.js (255)
[0213/122740.603:INFO:CONSOLE(271)] "load end: file:C:/ProgramData/AnyLogic 8.9 Professional/eclipse/plugins/com.anylogic.examples_8.9.0.202404161156/models/City Square/3d/store.dae", source: file:///C:/Program%20Files/AnyLogic%208.9%20Professional/plugins/com.anylogic.graphics3d_8.9.0.202404161156/static/init.js (271)
[0213/122740.637:INFO:CONSOLE(3660)] "THREE.ColladaLoader: File version 1.4.0", source: file:///C:/Program%20Files/AnyLogic%208.9%20Professional/plugins/com.anylogic.graphics3d_8.9.0.202404161156/static/libs/ColladaLoader.js (3660)
[0213/122740.643:INFO:CONSOLE(255)] "Loaded: file:C:/ProgramData/AnyLogic 8.9 Professional/eclipse/plugins/com.anylogic.examples_8.9.0.202404161156/models/City Square/3d/building_2.dae", source: file:///C:/Program%20Files/AnyLogic%208.9%20Professional/plugins/com.anylogic.graphics3d_8.9.0.202404161156/static/init.js (255)
[0213/122740.644:INFO:CONSOLE(271)] "load end: file:C:/ProgramData/AnyLogic 8.9 Professional/eclipse/plugins/com.anylogic.examples_8.9.0.202404161156/models/City Square/3d/building_2.dae", source: file:///C:/Program%20Files/AnyLogic%208.9%20Professional/plugins/com.anylogic.graphics3d_8.9.0.202404161156/static/init.js (271)
[0213/122740.676:INFO:CONSOLE(3660)] "THREE.ColladaLoader: File version 1.4.0", source: file:///C:/Program%20Files/AnyLogic%208.9%20Professional/plugins/com.anylogic.graphics3d_8.9.0.202404161156/static/libs/ColladaLoader.js (3660)
[0213/122740.678:INFO:CONSOLE(255)] "Loaded: file:C:/ProgramData/AnyLogic 8.9 Professional/eclipse/plugins/com.anylogic.examples_8.9.0.202404161156/models/City Square/3d/building_3.dae", source: file:///C:/Program%20Files/AnyLogic%208.9%20Professional/plugins/com.anylogic.graphics3d_8.9.0.202404161156/static/init.js (255)
[0213/122740.679:INFO:CONSOLE(271)] "load end: file:C:/ProgramData/AnyLogic 8.9 Professional/eclipse/plugins/com.anylogic.examples_8.9.0.202404161156/models/City Square/3d/building_3.dae", source: file:///C:/Program%20Files/AnyLogic%208.9%20Professional/plugins/com.anylogic.graphics3d_8.9.0.202404161156/static/init.js (271)
[0213/122740.771:INFO:CONSOLE(3660)] "THREE.ColladaLoader: File version 1.4.0", source: file:///C:/Program%20Files/AnyLogic%208.9%20Professional/plugins/com.anylogic.graphics3d_8.9.0.202404161156/static/libs/ColladaLoader.js (3660)
[0213/122740.774:INFO:CONSOLE(255)] "Loaded: file:C:/ProgramData/AnyLogic 8.9 Professional/eclipse/plugins/com.anylogic.examples_8.9.0.202404161156/models/City Square/3d/hospital.dae", source: file:///C:/Program%20Files/AnyLogic%208.9%20Professional/plugins/com.anylogic.graphics3d_8.9.0.202404161156/static/init.js (255)
[0213/122740.774:INFO:CONSOLE(271)] "load end: file:C:/ProgramData/AnyLogic 8.9 Professional/eclipse/plugins/com.anylogic.examples_8.9.0.202404161156/models/City Square/3d/hospital.dae", source: file:///C:/Program%20Files/AnyLogic%208.9%20Professional/plugins/com.anylogic.graphics3d_8.9.0.202404161156/static/init.js (271)
[0213/122740.806:INFO:CONSOLE(3660)] "THREE.ColladaLoader: File version 1.4.0", source: file:///C:/Program%20Files/AnyLogic%208.9%20Professional/plugins/com.anylogic.graphics3d_8.9.0.202404161156/static/libs/ColladaLoader.js (3660)
[0213/122740.810:INFO:CONSOLE(255)] "Loaded: file:C:/ProgramData/AnyLogic 8.9 Professional/eclipse/plugins/com.anylogic.examples_8.9.0.202404161156/models/City Square/3d/auto_service.dae", source: file:///C:/Program%20Files/AnyLogic%208.9%20Professional/plugins/com.anylogic.graphics3d_8.9.0.202404161156/static/init.js (255)
[0213/122740.811:INFO:CONSOLE(271)] "load end: file:C:/ProgramData/AnyLogic 8.9 Professional/eclipse/plugins/com.anylogic.examples_8.9.0.202404161156/models/City Square/3d/auto_service.dae", source: file:///C:/Program%20Files/AnyLogic%208.9%20Professional/plugins/com.anylogic.graphics3d_8.9.0.202404161156/static/init.js (271)
[0213/122740.848:INFO:CONSOLE(3660)] "THREE.ColladaLoader: File version 1.4.0", source: file:///C:/Program%20Files/AnyLogic%208.9%20Professional/plugins/com.anylogic.graphics3d_8.9.0.202404161156/static/libs/ColladaLoader.js (3660)
[0213/122740.856:INFO:CONSOLE(255)] "Loaded: file:C:/ProgramData/AnyLogic 8.9 Professional/eclipse/plugins/com.anylogic.examples_8.9.0.202404161156/models/City Square/3d/bench.dae", source: file:///C:/Program%20Files/AnyLogic%208.9%20Professional/plugins/com.anylogic.graphics3d_8.9.0.202404161156/static/init.js (255)
[0213/122740.856:INFO:CONSOLE(271)] "load end: file:C:/ProgramData/AnyLogic 8.9 Professional/eclipse/plugins/com.anylogic.examples_8.9.0.202404161156/models/City Square/3d/bench.dae", source: file:///C:/Program%20Files/AnyLogic%208.9%20Professional/plugins/com.anylogic.graphics3d_8.9.0.202404161156/static/init.js (271)
[0213/122740.892:INFO:CONSOLE(3660)] "THREE.ColladaLoader: File version 1.4.0", source: file:///C:/Program%20Files/AnyLogic%208.9%20Professional/plugins/com.anylogic.graphics3d_8.9.0.202404161156/static/libs/ColladaLoader.js (3660)
[0213/122740.896:INFO:CONSOLE(255)] "Loaded: file:C:/ProgramData/AnyLogic 8.9 Professional/eclipse/plugins/com.anylogic.examples_8.9.0.202404161156/models/City Square/3d/warehouse_2.dae", source: file:///C:/Program%20Files/AnyLogic%208.9%20Professional/plugins/com.anylogic.graphics3d_8.9.0.202404161156/static/init.js (255)
[0213/122740.896:INFO:CONSOLE(271)] "load end: file:C:/ProgramData/AnyLogic 8.9 Professional/eclipse/plugins/com.anylogic.examples_8.9.0.202404161156/models/City Square/3d/warehouse_2.dae", source: file:///C:/Program%20Files/AnyLogic%208.9%20Professional/plugins/com.anylogic.graphics3d_8.9.0.202404161156/static/init.js (271)
[0213/122740.937:INFO:CONSOLE(3660)] "THREE.ColladaLoader: File version 1.4.0", source: file:///C:/Program%20Files/AnyLogic%208.9%20Professional/plugins/com.anylogic.graphics3d_8.9.0.202404161156/static/libs/ColladaLoader.js (3660)
[0213/122740.940:INFO:CONSOLE(255)] "Loaded: file:C:/ProgramData/AnyLogic 8.9 Professional/eclipse/plugins/com.anylogic.examples_8.9.0.202404161156/models/City Square/3d/ad.dae", source: file:///C:/Program%20Files/AnyLogic%208.9%20Professional/plugins/com.anylogic.graphics3d_8.9.0.202404161156/static/init.js (255)
[0213/122740.940:INFO:CONSOLE(271)] "load end: file:C:/ProgramData/AnyLogic 8.9 Professional/eclipse/plugins/com.anylogic.examples_8.9.0.202404161156/models/City Square/3d/ad.dae", source: file:///C:/Program%20Files/AnyLogic%208.9%20Professional/plugins/com.anylogic.graphics3d_8.9.0.202404161156/static/init.js (271)
[0213/122811.825:INFO:CONSOLE(3660)] "THREE.ColladaLoader: File version 1.4.0", source: file:///C:/Program%20Files/AnyLogic%208.9%20Professional/plugins/com.anylogic.graphics3d_8.9.0.202404161156/static/libs/ColladaLoader.js (3660)
[0213/122811.837:INFO:CONSOLE(255)] "Loaded: file:C:/ProgramData/AnyLogic 8.9 Professional/eclipse/plugins/com.anylogic.examples_8.9.0.202404161156/models/City Square/3d/car.dae", source: file:///C:/Program%20Files/AnyLogic%208.9%20Professional/plugins/com.anylogic.graphics3d_8.9.0.202404161156/static/init.js (255)
[0213/122811.837:INFO:CONSOLE(271)] "load end: file:C:/ProgramData/AnyLogic 8.9 Professional/eclipse/plugins/com.anylogic.examples_8.9.0.202404161156/models/City Square/3d/car.dae", source: file:///C:/Program%20Files/AnyLogic%208.9%20Professional/plugins/com.anylogic.graphics3d_8.9.0.202404161156/static/init.js (271)
[0213/122937.091:ERROR:gpu_init.cc(523)] Passthrough is not supported, GL is disabled, ANGLE is 
[0213/125028.482:WARNING:dns_config_service_win.cc(583)] Failed to read DnsConfig.
[0213/125028.483:WARNING:dns_config_service_win.cc(583)] Failed to read DnsConfig.
[0213/125030.785:WARNING:dns_config_service_win.cc(583)] Failed to read DnsConfig.
[0213/125030.787:WARNING:dns_config_service_win.cc(583)] Failed to read DnsConfig.
